<?xml version="1.0" encoding="UTF-8"?>
<!-- Generated by org.testng.reporters.JUnitXMLReporter -->
<testsuite hostname="Mds-MacBook-Pro.local" ignored="0" name="Amazon Home" tests="4" failures="0" timestamp="14 Mar 2019 01:54:03 GMT" time="20.046" errors="0">
  <testcase name="test1" time="0.072" classname="title.AmazonHome"/>
  <testcase name="test2" time="2.807" classname="title.AmazonHome"/>
  <testcase name="search" time="2.763" classname="search.ProductSearch"/>
  <testcase name="signIn" time="3.309" classname="secureSignIn.SecureSignInTest"/>
</testsuite> <!-- Amazon Home -->
