<?xml version="1.0" encoding="UTF-8"?>
<testng-results skipped="0" failed="0" ignored="0" total="4" passed="4">
  <reporter-output>
  </reporter-output>
  <suite name="Amazon Automation Script " duration-ms="20046" started-at="2019-03-14T01:53:43Z" finished-at="2019-03-14T01:54:03Z">
    <groups>
    </groups>
    <test name="Amazon Home" duration-ms="20046" started-at="2019-03-14T01:53:43Z" finished-at="2019-03-14T01:54:03Z">
      <class name="title.AmazonHome">
        <test-method status="PASS" signature="setup(java.lang.String)[pri:0, instance:title.AmazonHome@32709393]" name="setup" is-config="true" duration-ms="3173" started-at="2019-03-14T01:53:43Z" finished-at="2019-03-14T01:53:46Z">
          <params>
            <param index="0">
              <value>
                <![CDATA[https://www.amazon.com/]]>
              </value>
            </param>
          </params>
          <reporter-output>
          </reporter-output>
        </test-method> <!-- setup -->
        <test-method status="PASS" signature="test1()[pri:0, instance:title.AmazonHome@32709393]" name="test1" duration-ms="72" started-at="2019-03-14T01:53:46Z" finished-at="2019-03-14T01:53:46Z">
          <reporter-output>
          </reporter-output>
        </test-method> <!-- test1 -->
        <test-method status="PASS" signature="cleanup()[pri:0, instance:title.AmazonHome@32709393]" name="cleanup" is-config="true" duration-ms="137" started-at="2019-03-14T01:53:46Z" finished-at="2019-03-14T01:53:46Z">
          <reporter-output>
          </reporter-output>
        </test-method> <!-- cleanup -->
        <test-method status="PASS" signature="setup(java.lang.String)[pri:0, instance:title.AmazonHome@32709393]" name="setup" is-config="true" duration-ms="2449" started-at="2019-03-14T01:53:46Z" finished-at="2019-03-14T01:53:49Z">
          <params>
            <param index="0">
              <value>
                <![CDATA[https://www.amazon.com/]]>
              </value>
            </param>
          </params>
          <reporter-output>
          </reporter-output>
        </test-method> <!-- setup -->
        <test-method status="PASS" signature="test2()[pri:0, instance:title.AmazonHome@32709393]" name="test2" duration-ms="2807" started-at="2019-03-14T01:53:49Z" finished-at="2019-03-14T01:53:51Z">
          <reporter-output>
          </reporter-output>
        </test-method> <!-- test2 -->
        <test-method status="PASS" signature="cleanup()[pri:0, instance:title.AmazonHome@32709393]" name="cleanup" is-config="true" duration-ms="129" started-at="2019-03-14T01:53:51Z" finished-at="2019-03-14T01:53:51Z">
          <reporter-output>
          </reporter-output>
        </test-method> <!-- cleanup -->
      </class> <!-- title.AmazonHome -->
      <class name="search.ProductSearch">
        <test-method status="PASS" signature="setup(java.lang.String)[pri:0, instance:search.ProductSearch@3d99d22e]" name="setup" is-config="true" duration-ms="2420" started-at="2019-03-14T01:53:51Z" finished-at="2019-03-14T01:53:54Z">
          <params>
            <param index="0">
              <value>
                <![CDATA[https://www.amazon.com/]]>
              </value>
            </param>
          </params>
          <reporter-output>
          </reporter-output>
        </test-method> <!-- setup -->
        <test-method status="PASS" signature="search()[pri:0, instance:search.ProductSearch@3d99d22e]" name="search" duration-ms="2763" started-at="2019-03-14T01:53:54Z" finished-at="2019-03-14T01:53:57Z">
          <reporter-output>
          </reporter-output>
        </test-method> <!-- search -->
        <test-method status="PASS" signature="cleanup()[pri:0, instance:search.ProductSearch@3d99d22e]" name="cleanup" is-config="true" duration-ms="146" started-at="2019-03-14T01:53:57Z" finished-at="2019-03-14T01:53:57Z">
          <reporter-output>
          </reporter-output>
        </test-method> <!-- cleanup -->
      </class> <!-- search.ProductSearch -->
      <class name="secureSignIn.SecureSignInTest">
        <test-method status="PASS" signature="setup(java.lang.String)[pri:0, instance:secureSignIn.SecureSignInTest@49fc609f]" name="setup" is-config="true" duration-ms="2446" started-at="2019-03-14T01:53:57Z" finished-at="2019-03-14T01:53:59Z">
          <params>
            <param index="0">
              <value>
                <![CDATA[https://www.amazon.com/]]>
              </value>
            </param>
          </params>
          <reporter-output>
          </reporter-output>
        </test-method> <!-- setup -->
        <test-method status="PASS" signature="signIn()[pri:0, instance:secureSignIn.SecureSignInTest@49fc609f]" name="signIn" duration-ms="3309" started-at="2019-03-14T01:53:59Z" finished-at="2019-03-14T01:54:03Z">
          <reporter-output>
          </reporter-output>
        </test-method> <!-- signIn -->
        <test-method status="PASS" signature="cleanup()[pri:0, instance:secureSignIn.SecureSignInTest@49fc609f]" name="cleanup" is-config="true" duration-ms="179" started-at="2019-03-14T01:54:03Z" finished-at="2019-03-14T01:54:03Z">
          <reporter-output>
          </reporter-output>
        </test-method> <!-- cleanup -->
      </class> <!-- secureSignIn.SecureSignInTest -->
    </test> <!-- Amazon Home -->
  </suite> <!-- Amazon Automation Script  -->
</testng-results>
