<?xml version="1.0" encoding="UTF-8"?>
<testng-results skipped="0" failed="0" ignored="0" total="1" passed="1">
  <reporter-output>
  </reporter-output>
  <suite name="FaceBook Automation Script " duration-ms="16765" started-at="2019-03-14T01:54:04Z" finished-at="2019-03-14T01:54:20Z">
    <groups>
    </groups>
    <test name="Invalid SignIn" duration-ms="16765" started-at="2019-03-14T01:54:04Z" finished-at="2019-03-14T01:54:20Z">
      <class name="FbTest.InvalidSignIn">
        <test-method status="PASS" signature="setup(java.lang.String)[pri:0, instance:FbTest.InvalidSignIn@50b494a6]" name="setup" is-config="true" duration-ms="3658" started-at="2019-03-14T01:54:04Z" finished-at="2019-03-14T01:54:07Z">
          <params>
            <param index="0">
              <value>
                <![CDATA[https://www.facebook.com/]]>
              </value>
            </param>
          </params>
          <reporter-output>
          </reporter-output>
        </test-method> <!-- setup -->
        <test-method status="PASS" signature="invalid()[pri:0, instance:FbTest.InvalidSignIn@50b494a6]" name="invalid" duration-ms="12958" started-at="2019-03-14T01:54:07Z" finished-at="2019-03-14T01:54:20Z">
          <reporter-output>
          </reporter-output>
        </test-method> <!-- invalid -->
        <test-method status="PASS" signature="cleanup()[pri:0, instance:FbTest.InvalidSignIn@50b494a6]" name="cleanup" is-config="true" duration-ms="136" started-at="2019-03-14T01:54:20Z" finished-at="2019-03-14T01:54:20Z">
          <reporter-output>
          </reporter-output>
        </test-method> <!-- cleanup -->
      </class> <!-- FbTest.InvalidSignIn -->
    </test> <!-- Invalid SignIn -->
  </suite> <!-- FaceBook Automation Script  -->
</testng-results>
