<?xml version="1.0" encoding="UTF-8"?>
<testng-results skipped="0" failed="0" ignored="0" total="1" passed="1">
  <reporter-output>
  </reporter-output>
  <suite name="FaceBook Automation Script " duration-ms="3846" started-at="2019-03-14T01:54:21Z" finished-at="2019-03-14T01:54:25Z">
    <groups>
    </groups>
    <test name="Invalid SignIn" duration-ms="3846" started-at="2019-03-14T01:54:21Z" finished-at="2019-03-14T01:54:25Z">
      <class name="youTubeHm.YtbeTest">
        <test-method status="PASS" signature="setup(java.lang.String)[pri:0, instance:youTubeHm.YtbeTest@50b494a6]" name="setup" is-config="true" duration-ms="2748" started-at="2019-03-14T01:54:21Z" finished-at="2019-03-14T01:54:24Z">
          <params>
            <param index="0">
              <value>
                <![CDATA[https://www.youtube.com/]]>
              </value>
            </param>
          </params>
          <reporter-output>
          </reporter-output>
        </test-method> <!-- setup -->
        <test-method status="PASS" signature="yTbeSearch()[pri:0, instance:youTubeHm.YtbeTest@50b494a6]" name="yTbeSearch" duration-ms="949" started-at="2019-03-14T01:54:24Z" finished-at="2019-03-14T01:54:25Z">
          <reporter-output>
          </reporter-output>
        </test-method> <!-- yTbeSearch -->
        <test-method status="PASS" signature="cleanup()[pri:0, instance:youTubeHm.YtbeTest@50b494a6]" name="cleanup" is-config="true" duration-ms="136" started-at="2019-03-14T01:54:25Z" finished-at="2019-03-14T01:54:25Z">
          <reporter-output>
          </reporter-output>
        </test-method> <!-- cleanup -->
      </class> <!-- youTubeHm.YtbeTest -->
    </test> <!-- Invalid SignIn -->
  </suite> <!-- FaceBook Automation Script  -->
</testng-results>
